<?xml version="1.0" encoding="UTF-8"?>
<testng-results ignored="0" total="1" passed="1" failed="0" skipped="0">
  <reporter-output>
  </reporter-output>
  <suite started-at="2023-07-04T12:05:18 IST" name="Default suite" finished-at="2023-07-04T12:05:48 IST" duration-ms="30497">
    <groups>
    </groups>
    <test started-at="2023-07-04T12:05:18 IST" name="Default test" finished-at="2023-07-04T12:05:48 IST" duration-ms="30497">
      <class name="BankManagerTestScript.BankManagerTestScript">
        <test-method is-config="true" signature="openLink()[pri:0, instance:BankManagerTestScript.BankManagerTestScript@7051777c]" started-at="2023-07-04T12:05:18 IST" name="openLink" finished-at="2023-07-04T12:05:27 IST" duration-ms="9217" status="PASS">
          <reporter-output>
          </reporter-output>
        </test-method> <!-- openLink -->
        <test-method signature="AllMethod()[pri:0, instance:BankManagerTestScript.BankManagerTestScript@7051777c]" started-at="2023-07-04T12:05:27 IST" name="AllMethod" finished-at="2023-07-04T12:05:48 IST" duration-ms="21235" status="PASS">
          <reporter-output>
          </reporter-output>
        </test-method> <!-- AllMethod -->
      </class> <!-- BankManagerTestScript.BankManagerTestScript -->
    </test> <!-- Default test -->
  </suite> <!-- Default suite -->
</testng-results>
